# JRE version: Java(TM) SE Runtime Environment (23.0+37) (build 23+37-2369)
# Java VM: Java HotSpot(TM) 64-Bit Server VM (23+37-2369, mixed mode, sharing, tiered, compressed oops, compressed class ptrs, g1 gc, windows-amd64)
GC Precious Log:
 CardTable entry size: 512
 Card Set container configuration: InlinePtr #cards 5 size 8 Array Of Cards #cards 10 size 36 Howl #buckets 4 coarsen threshold 1843 Howl Bitmap #cards 512 size 80 coarsen threshold 460 Card regions per heap region 1 cards per card region 2048
 CPUs: 12 total, 12 available
 Memory: 7835M
 Large Page Support: Disabled
 NUMA Support: Disabled
 Compressed Oops: Enabled (32-bit)
 Heap Region Size: 1M
 Heap Min Capacity: 8M
 Heap Initial Capacity: 124M
 Heap Max Capacity: 1960M
 Pre-touch: Disabled
 Parallel Workers: 10
 Concurrent Workers: 3
 Concurrent Refinement Workers: 10
 Periodic GC: Disabled
Heap:
 garbage-first heap   total reserved 2007040K, committed 61440K, used 41189K [0x0000000085800000, 0x0000000100000000)
  region size 1024K, 9 young (9216K), 2 survivors (2048K)
 Metaspace       used 76870K, committed 77568K, reserved 1179648K
  class space    used 10657K, committed 11008K, reserved 1048576K
GC Heap History (20 events):
Event: 12.704 GC heap before
{Heap before GC invocations=6 (full 0):
 garbage-first heap   total reserved 2007040K, committed 51200K, used 39855K [0x0000000085800000, 0x0000000100000000)
  region size 1024K, 23 young (23552K), 3 survivors (3072K)
 Metaspace       used 34940K, committed 35456K, reserved 1114112K
  class space    used 4610K, committed 4800K, reserved 1048576K
}
Event: 12.720 GC heap after
{Heap after GC invocations=7 (full 0):
 garbage-first heap   total reserved 2007040K, committed 51200K, used 21505K [0x0000000085800000, 0x0000000100000000)
  region size 1024K, 2 young (2048K), 2 survivors (2048K)
 Metaspace       used 34940K, committed 35456K, reserved 1114112K
  class space    used 4610K, committed 4800K, reserved 1048576K
}
Event: 12.850 GC heap before
{Heap before GC invocations=7 (full 0):
 garbage-first heap   total reserved 2007040K, committed 51200K, used 22529K [0x0000000085800000, 0x0000000100000000)
  region size 1024K, 4 young (4096K), 2 survivors (2048K)
 Metaspace       used 35515K, committed 35968K, reserved 1114112K
  class space    used 4694K, committed 4864K, reserved 1048576K
}
Event: 12.858 GC heap after
{Heap after GC invocations=8 (full 0):
 garbage-first heap   total reserved 2007040K, committed 51200K, used 21824K [0x0000000085800000, 0x0000000100000000)
  region size 1024K, 1 young (1024K), 1 survivors (1024K)
 Metaspace       used 35515K, committed 35968K, reserved 1114112K
  class space    used 4694K, committed 4864K, reserved 1048576K
}
Event: 14.734 GC heap before
{Heap before GC invocations=9 (full 0):
 garbage-first heap   total reserved 2007040K, committed 51200K, used 42304K [0x0000000085800000, 0x0000000100000000)
  region size 1024K, 21 young (21504K), 1 survivors (1024K)
 Metaspace       used 44151K, committed 44672K, reserved 1114112K
  class space    used 5859K, committed 6080K, reserved 1048576K
}
Event: 14.742 GC heap after
{Heap after GC invocations=10 (full 0):
 garbage-first heap   total reserved 2007040K, committed 51200K, used 23814K [0x0000000085800000, 0x0000000100000000)
  region size 1024K, 3 young (3072K), 3 survivors (3072K)
 Metaspace       used 44151K, committed 44672K, reserved 1114112K
  class space    used 5859K, committed 6080K, reserved 1048576K
}
Event: 15.845 GC heap before
{Heap before GC invocations=10 (full 0):
 garbage-first heap   total reserved 2007040K, committed 51200K, used 42246K [0x0000000085800000, 0x0000000100000000)
  region size 1024K, 21 young (21504K), 3 survivors (3072K)
 Metaspace       used 48762K, committed 49280K, reserved 1114112K
  class space    used 6463K, committed 6720K, reserved 1048576K
}
Event: 15.858 GC heap after
{Heap after GC invocations=11 (full 0):
 garbage-first heap   total reserved 2007040K, committed 51200K, used 25175K [0x0000000085800000, 0x0000000100000000)
  region size 1024K, 2 young (2048K), 2 survivors (2048K)
 Metaspace       used 48762K, committed 49280K, reserved 1114112K
  class space    used 6463K, committed 6720K, reserved 1048576K
}
Event: 16.920 GC heap before
{Heap before GC invocations=11 (full 0):
 garbage-first heap   total reserved 2007040K, committed 51200K, used 44631K [0x0000000085800000, 0x0000000100000000)
  region size 1024K, 21 young (21504K), 2 survivors (2048K)
 Metaspace       used 55150K, committed 55680K, reserved 1114112K
  class space    used 7369K, committed 7616K, reserved 1048576K
}
Event: 16.931 GC heap after
{Heap after GC invocations=12 (full 0):
 garbage-first heap   total reserved 2007040K, committed 51200K, used 26033K [0x0000000085800000, 0x0000000100000000)
  region size 1024K, 3 young (3072K), 3 survivors (3072K)
 Metaspace       used 55150K, committed 55680K, reserved 1114112K
  class space    used 7369K, committed 7616K, reserved 1048576K
}
Event: 17.870 GC heap before
{Heap before GC invocations=13 (full 0):
 garbage-first heap   total reserved 2007040K, committed 51200K, used 44465K [0x0000000085800000, 0x0000000100000000)
  region size 1024K, 21 young (21504K), 3 survivors (3072K)
 Metaspace       used 59713K, committed 60288K, reserved 1114112K
  class space    used 8189K, committed 8448K, reserved 1048576K
}
Event: 17.881 GC heap after
{Heap after GC invocations=14 (full 0):
 garbage-first heap   total reserved 2007040K, committed 51200K, used 27126K [0x0000000085800000, 0x0000000100000000)
  region size 1024K, 2 young (2048K), 2 survivors (2048K)
 Metaspace       used 59713K, committed 60288K, reserved 1114112K
  class space    used 8189K, committed 8448K, reserved 1048576K
}
Event: 19.047 GC heap before
{Heap before GC invocations=14 (full 0):
 garbage-first heap   total reserved 2007040K, committed 51200K, used 45558K [0x0000000085800000, 0x0000000100000000)
  region size 1024K, 20 young (20480K), 2 survivors (2048K)
 Metaspace       used 63687K, committed 64320K, reserved 1114112K
  class space    used 8712K, committed 9024K, reserved 1048576K
}
Event: 19.061 GC heap after
{Heap after GC invocations=15 (full 0):
 garbage-first heap   total reserved 2007040K, committed 61440K, used 28168K [0x0000000085800000, 0x0000000100000000)
  region size 1024K, 3 young (3072K), 3 survivors (3072K)
 Metaspace       used 63687K, committed 64320K, reserved 1114112K
  class space    used 8712K, committed 9024K, reserved 1048576K
}
Event: 20.633 GC heap before
{Heap before GC invocations=15 (full 0):
 garbage-first heap   total reserved 2007040K, committed 61440K, used 52744K [0x0000000085800000, 0x0000000100000000)
  region size 1024K, 28 young (28672K), 3 survivors (3072K)
 Metaspace       used 67262K, committed 67904K, reserved 1114112K
  class space    used 9263K, committed 9536K, reserved 1048576K
}
Event: 20.647 GC heap after
{Heap after GC invocations=16 (full 0):
 garbage-first heap   total reserved 2007040K, committed 61440K, used 30898K [0x0000000085800000, 0x0000000100000000)
  region size 1024K, 4 young (4096K), 4 survivors (4096K)
 Metaspace       used 67262K, committed 67904K, reserved 1114112K
  class space    used 9263K, committed 9536K, reserved 1048576K
}
Event: 31.480 GC heap before
{Heap before GC invocations=16 (full 0):
 garbage-first heap   total reserved 2007040K, committed 61440K, used 52402K [0x0000000085800000, 0x0000000100000000)
  region size 1024K, 26 young (26624K), 4 survivors (4096K)
 Metaspace       used 72626K, committed 73280K, reserved 1114112K
  class space    used 10100K, committed 10368K, reserved 1048576K
}
Event: 31.492 GC heap after
{Heap after GC invocations=17 (full 0):
 garbage-first heap   total reserved 2007040K, committed 61440K, used 33175K [0x0000000085800000, 0x0000000100000000)
  region size 1024K, 3 young (3072K), 3 survivors (3072K)
 Metaspace       used 72626K, committed 73280K, reserved 1114112K
  class space    used 10100K, committed 10368K, reserved 1048576K
}
Event: 152.271 GC heap before
{Heap before GC invocations=18 (full 0):
 garbage-first heap   total reserved 2007040K, committed 61440K, used 52631K [0x0000000085800000, 0x0000000100000000)
  region size 1024K, 23 young (23552K), 3 survivors (3072K)
 Metaspace       used 76425K, committed 77120K, reserved 1179648K
  class space    used 10651K, committed 10944K, reserved 1048576K
}
Event: 152.319 GC heap after
{Heap after GC invocations=19 (full 0):
 garbage-first heap   total reserved 2007040K, committed 61440K, used 35045K [0x0000000085800000, 0x0000000100000000)
  region size 1024K, 2 young (2048K), 2 survivors (2048K)
 Metaspace       used 76425K, committed 77120K, reserved 1179648K
  class space    used 10651K, committed 10944K, reserved 1048576K
}

